{"timestamp": "2026-02-04T07:51:02", "level": "INFO", "logger": "__main__", "message": "Starting OpenCode spec generation for: \u65b0\u5efa\u4e00\u4e2a\u6a21\u5757\uff0c\u5b9e\u73b0web\u7684\u8ba1\u7b97\u5668", "request_id": "78af5131-c076-40ec-af17-4dda0ec1efde", "source": {"file": "E:\\winning\\code\\vue3\\openwork\\backend\\main.py", "line": 114, "function": "generate_spec_via_opencode"}}
{"timestamp": "2026-02-04T07:51:02", "level": "INFO", "logger": "app.opencode_integration", "message": "\u5f00\u59cb\u4f7f\u7528OpenCode\u751f\u6210\u89c4\u8303: \u65b0\u5efa\u4e00\u4e2a\u6a21\u5757\uff0c\u5b9e\u73b0web\u7684\u8ba1\u7b97\u5668", "request_id": "78af5131-c076-40ec-af17-4dda0ec1efde", "source": {"file": "E:\\winning\\code\\vue3\\openwork\\backend\\app\\opencode_integration.py", "line": 74, "function": "generate_spec"}}
{"timestamp": "2026-02-04T07:51:05", "level": "INFO", "logger": "httpx", "message": "HTTP Request: POST http://127.0.0.1:64835/api/session/create \"HTTP/1.1 200 OK\"", "request_id": "78af5131-c076-40ec-af17-4dda0ec1efde", "source": {"file": "E:\\winning\\code\\vue3\\openwork\\backend\\.venv\\Lib\\site-packages\\httpx\\_client.py", "line": 1740, "function": "_send_single_request"}}
{"timestamp": "2026-02-04T07:51:05", "level": "ERROR", "logger": "app.opencode_integration", "message": "OpenCode\u751f\u6210\u89c4\u8303\u5931\u8d25: \u521b\u5efasession\u5931\u8d25\uff1aExpecting value: line 1 column 1 (char 0)", "request_id": "78af5131-c076-40ec-af17-4dda0ec1efde", "source": {"file": "E:\\winning\\code\\vue3\\openwork\\backend\\app\\opencode_integration.py", "line": 96, "function": "generate_spec"}}
{"timestamp": "2026-02-04T07:51:05", "level": "ERROR", "logger": "__main__", "message": "OpenCode generation failed: \u751f\u6210\u89c4\u8303\u5931\u8d25: \u521b\u5efasession\u5931\u8d25\uff1aExpecting value: line 1 column 1 (char 0)", "request_id": "78af5131-c076-40ec-af17-4dda0ec1efde", "source": {"file": "E:\\winning\\code\\vue3\\openwork\\backend\\main.py", "line": 148, "function": "generate_spec_via_opencode"}}
{"timestamp": "2026-02-04T07:51:05", "level": "ERROR", "logger": "app.exceptions", "message": "HTTP error: 503: OpenCode\u670d\u52a1\u9519\u8bef: \u751f\u6210\u89c4\u8303\u5931\u8d25: \u521b\u5efasession\u5931\u8d25\uff1aExpecting value: line 1 column 1 (char 0)", "request_id": "78af5131-c076-40ec-af17-4dda0ec1efde", "source": {"file": "E:\\winning\\code\\vue3\\openwork\\backend\\app\\exceptions.py", "line": 52, "function": "handle_http_exception"}, "path": "http://127.0.0.1:8000/spec/generate-via-opencode", "status_code": 503, "code": "http_error", "exception": "Traceback (most recent call last):\n  File \"E:\\winning\\code\\vue3\\openwork\\backend\\app\\opencode_integration.py\", line 124, in _create_temporary_session\n    result = response.json()\n             ^^^^^^^^^^^^^^^\n  File \"E:\\winning\\code\\vue3\\openwork\\backend\\.venv\\Lib\\site-packages\\httpx\\_models.py\", line 832, in json\n    return jsonlib.loads(self.content, **kwargs)\n           ^^^^^^^^^^^^^^^^^^^^^^^^^^^^^^^^^^^^^\n  File \"C:\\Users\\Lenovo\\.pyenv\\pyenv-win\\versions\\3.12.9\\Lib\\json\\__init__.py\", line 346, in loads\n    return _default_decoder.decode(s)\n           ^^^^^^^^^^^^^^^^^^^^^^^^^^\n  File \"C:\\Users\\Lenovo\\.pyenv\\pyenv-win\\versions\\3.12.9\\Lib\\json\\decoder.py\", line 338, in decode\n    obj, end = self.raw_decode(s, idx=_w(s, 0).end())\n               ^^^^^^^^^^^^^^^^^^^^^^^^^^^^^^^^^^^^^^\n  File \"C:\\Users\\Lenovo\\.pyenv\\pyenv-win\\versions\\3.12.9\\Lib\\json\\decoder.py\", line 356, in raw_decode\n    raise JSONDecodeError(\"Expecting value\", s, err.value) from None\njson.decoder.JSONDecodeError: Expecting value: line 1 column 1 (char 0)\n\nDuring handling of the above exception, another exception occurred:\n\nTraceback (most recent call last):\n  File \"E:\\winning\\code\\vue3\\openwork\\backend\\app\\opencode_integration.py\", line 77, in generate_spec\n    session_id = await self._create_temporary_session(workspace_path)\n                 ^^^^^^^^^^^^^^^^^^^^^^^^^^^^^^^^^^^^^^^^^^^^^^^^^^^^\n  File \"E:\\winning\\code\\vue3\\openwork\\backend\\app\\opencode_integration.py\", line 135, in _create_temporary_session\n    raise OpenCodeError(f\"\u521b\u5efasession\u5931\u8d25\uff1a{str(e)}\")\napp.opencode_integration.OpenCodeError: \u521b\u5efasession\u5931\u8d25\uff1aExpecting value: line 1 column 1 (char 0)\n\nThe above exception was the direct cause of the following exception:\n\nTraceback (most recent call last):\n  File \"E:\\winning\\code\\vue3\\openwork\\backend\\main.py\", line 137, in generate_spec_via_opencode\n    spec = await generator.generate_spec(\n           ^^^^^^^^^^^^^^^^^^^^^^^^^^^^^^\n  File \"E:\\winning\\code\\vue3\\openwork\\backend\\app\\opencode_integration.py\", line 97, in generate_spec\n    raise OpenCodeError(f\"\u751f\u6210\u89c4\u8303\u5931\u8d25: {str(e)}\") from e\napp.opencode_integration.OpenCodeError: \u751f\u6210\u89c4\u8303\u5931\u8d25: \u521b\u5efasession\u5931\u8d25\uff1aExpecting value: line 1 column 1 (char 0)\n\nDuring handling of the above exception, another exception occurred:\n\nTraceback (most recent call last):\n  File \"E:\\winning\\code\\vue3\\openwork\\backend\\.venv\\Lib\\site-packages\\starlette\\_exception_handler.py\", line 42, in wrapped_app\n    await app(scope, receive, sender)\n  File \"E:\\winning\\code\\vue3\\openwork\\backend\\.venv\\Lib\\site-packages\\fastapi\\routing.py\", line 101, in app\n    response = await f(request)\n               ^^^^^^^^^^^^^^^^\n  File \"E:\\winning\\code\\vue3\\openwork\\backend\\.venv\\Lib\\site-packages\\fastapi\\routing.py\", line 355, in app\n    raw_response = await run_endpoint_function(\n                   ^^^^^^^^^^^^^^^^^^^^^^^^^^^^\n  File \"E:\\winning\\code\\vue3\\openwork\\backend\\.venv\\Lib\\site-packages\\fastapi\\routing.py\", line 243, in run_endpoint_function\n    return await dependant.call(**values)\n           ^^^^^^^^^^^^^^^^^^^^^^^^^^^^^^\n  File \"E:\\winning\\code\\vue3\\openwork\\backend\\main.py\", line 149, in generate_spec_via_opencode\n    raise HTTPException(\nfastapi.exceptions.HTTPException: 503: OpenCode\u670d\u52a1\u9519\u8bef: \u751f\u6210\u89c4\u8303\u5931\u8d25: \u521b\u5efasession\u5931\u8d25\uff1aExpecting value: line 1 column 1 (char 0)"}
{"timestamp": "2026-02-04T07:51:05", "level": "INFO", "logger": "app.request", "message": "Request completed", "request_id": "78af5131-c076-40ec-af17-4dda0ec1efde", "source": {"file": "E:\\winning\\code\\vue3\\openwork\\backend\\app\\logger.py", "line": 60, "function": "dispatch"}, "path": "http://127.0.0.1:8000/spec/generate-via-opencode", "method": "POST", "status_code": 503, "duration_ms": 2749}
{"timestamp": "2026-02-04T07:52:18", "level": "INFO", "logger": "app.request", "message": "Request completed", "request_id": "424c868a-2677-4304-ba4a-cfae3125b667", "source": {"file": "E:\\winning\\code\\vue3\\openwork\\backend\\app\\logger.py", "line": 60, "function": "dispatch"}, "path": "http://127.0.0.1:8000/health", "method": "GET", "status_code": 200, "duration_ms": 1}
{"timestamp": "2026-02-04T07:52:39", "level": "INFO", "logger": "__main__", "message": "Starting OpenCode spec generation for: \u65b0\u5efa\u4e00\u4e2a\u6a21\u5757\uff0c\u5b9e\u73b0web\u7684\u8ba1\u7b97\u5668", "request_id": "615d97be-3df7-454f-aba7-ee1f2b58629b", "source": {"file": "E:\\winning\\code\\vue3\\openwork\\backend\\main.py", "line": 114, "function": "generate_spec_via_opencode"}}
{"timestamp": "2026-02-04T07:52:39", "level": "INFO", "logger": "app.opencode_integration", "message": "\u5f00\u59cb\u4f7f\u7528OpenCode\u751f\u6210\u89c4\u8303: \u65b0\u5efa\u4e00\u4e2a\u6a21\u5757\uff0c\u5b9e\u73b0web\u7684\u8ba1\u7b97\u5668", "request_id": "615d97be-3df7-454f-aba7-ee1f2b58629b", "source": {"file": "E:\\winning\\code\\vue3\\openwork\\backend\\app\\opencode_integration.py", "line": 74, "function": "generate_spec"}}
{"timestamp": "2026-02-04T07:52:40", "level": "INFO", "logger": "httpx", "message": "HTTP Request: POST http://127.0.0.1:64835/api/session/create \"HTTP/1.1 200 OK\"", "request_id": "615d97be-3df7-454f-aba7-ee1f2b58629b", "source": {"file": "E:\\winning\\code\\vue3\\openwork\\backend\\.venv\\Lib\\site-packages\\httpx\\_client.py", "line": 1740, "function": "_send_single_request"}}
{"timestamp": "2026-02-04T07:52:41", "level": "ERROR", "logger": "app.opencode_integration", "message": "OpenCode\u751f\u6210\u89c4\u8303\u5931\u8d25: \u521b\u5efasession\u5931\u8d25\uff1aExpecting value: line 1 column 1 (char 0)", "request_id": "615d97be-3df7-454f-aba7-ee1f2b58629b", "source": {"file": "E:\\winning\\code\\vue3\\openwork\\backend\\app\\opencode_integration.py", "line": 96, "function": "generate_spec"}}
{"timestamp": "2026-02-04T07:52:41", "level": "ERROR", "logger": "__main__", "message": "OpenCode generation failed: \u751f\u6210\u89c4\u8303\u5931\u8d25: \u521b\u5efasession\u5931\u8d25\uff1aExpecting value: line 1 column 1 (char 0)", "request_id": "615d97be-3df7-454f-aba7-ee1f2b58629b", "source": {"file": "E:\\winning\\code\\vue3\\openwork\\backend\\main.py", "line": 148, "function": "generate_spec_via_opencode"}}
{"timestamp": "2026-02-04T07:52:41", "level": "ERROR", "logger": "app.exceptions", "message": "HTTP error: 503: OpenCode\u670d\u52a1\u9519\u8bef: \u751f\u6210\u89c4\u8303\u5931\u8d25: \u521b\u5efasession\u5931\u8d25\uff1aExpecting value: line 1 column 1 (char 0)", "request_id": "615d97be-3df7-454f-aba7-ee1f2b58629b", "source": {"file": "E:\\winning\\code\\vue3\\openwork\\backend\\app\\exceptions.py", "line": 52, "function": "handle_http_exception"}, "path": "http://127.0.0.1:8000/spec/generate-via-opencode", "status_code": 503, "code": "http_error", "exception": "Traceback (most recent call last):\n  File \"E:\\winning\\code\\vue3\\openwork\\backend\\app\\opencode_integration.py\", line 124, in _create_temporary_session\n    result = response.json()\n             ^^^^^^^^^^^^^^^\n  File \"E:\\winning\\code\\vue3\\openwork\\backend\\.venv\\Lib\\site-packages\\httpx\\_models.py\", line 832, in json\n    return jsonlib.loads(self.content, **kwargs)\n           ^^^^^^^^^^^^^^^^^^^^^^^^^^^^^^^^^^^^^\n  File \"C:\\Users\\Lenovo\\.pyenv\\pyenv-win\\versions\\3.12.9\\Lib\\json\\__init__.py\", line 346, in loads\n    return _default_decoder.decode(s)\n           ^^^^^^^^^^^^^^^^^^^^^^^^^^\n  File \"C:\\Users\\Lenovo\\.pyenv\\pyenv-win\\versions\\3.12.9\\Lib\\json\\decoder.py\", line 338, in decode\n    obj, end = self.raw_decode(s, idx=_w(s, 0).end())\n               ^^^^^^^^^^^^^^^^^^^^^^^^^^^^^^^^^^^^^^\n  File \"C:\\Users\\Lenovo\\.pyenv\\pyenv-win\\versions\\3.12.9\\Lib\\json\\decoder.py\", line 356, in raw_decode\n    raise JSONDecodeError(\"Expecting value\", s, err.value) from None\njson.decoder.JSONDecodeError: Expecting value: line 1 column 1 (char 0)\n\nDuring handling of the above exception, another exception occurred:\n\nTraceback (most recent call last):\n  File \"E:\\winning\\code\\vue3\\openwork\\backend\\app\\opencode_integration.py\", line 77, in generate_spec\n    session_id = await self._create_temporary_session(workspace_path)\n                 ^^^^^^^^^^^^^^^^^^^^^^^^^^^^^^^^^^^^^^^^^^^^^^^^^^^^\n  File \"E:\\winning\\code\\vue3\\openwork\\backend\\app\\opencode_integration.py\", line 135, in _create_temporary_session\n    raise OpenCodeError(f\"\u521b\u5efasession\u5931\u8d25\uff1a{str(e)}\")\napp.opencode_integration.OpenCodeError: \u521b\u5efasession\u5931\u8d25\uff1aExpecting value: line 1 column 1 (char 0)\n\nThe above exception was the direct cause of the following exception:\n\nTraceback (most recent call last):\n  File \"E:\\winning\\code\\vue3\\openwork\\backend\\main.py\", line 137, in generate_spec_via_opencode\n    spec = await generator.generate_spec(\n           ^^^^^^^^^^^^^^^^^^^^^^^^^^^^^^\n  File \"E:\\winning\\code\\vue3\\openwork\\backend\\app\\opencode_integration.py\", line 97, in generate_spec\n    raise OpenCodeError(f\"\u751f\u6210\u89c4\u8303\u5931\u8d25: {str(e)}\") from e\napp.opencode_integration.OpenCodeError: \u751f\u6210\u89c4\u8303\u5931\u8d25: \u521b\u5efasession\u5931\u8d25\uff1aExpecting value: line 1 column 1 (char 0)\n\nDuring handling of the above exception, another exception occurred:\n\nTraceback (most recent call last):\n  File \"E:\\winning\\code\\vue3\\openwork\\backend\\.venv\\Lib\\site-packages\\starlette\\_exception_handler.py\", line 42, in wrapped_app\n    await app(scope, receive, sender)\n  File \"E:\\winning\\code\\vue3\\openwork\\backend\\.venv\\Lib\\site-packages\\fastapi\\routing.py\", line 101, in app\n    response = await f(request)\n               ^^^^^^^^^^^^^^^^\n  File \"E:\\winning\\code\\vue3\\openwork\\backend\\.venv\\Lib\\site-packages\\fastapi\\routing.py\", line 355, in app\n    raw_response = await run_endpoint_function(\n                   ^^^^^^^^^^^^^^^^^^^^^^^^^^^^\n  File \"E:\\winning\\code\\vue3\\openwork\\backend\\.venv\\Lib\\site-packages\\fastapi\\routing.py\", line 243, in run_endpoint_function\n    return await dependant.call(**values)\n           ^^^^^^^^^^^^^^^^^^^^^^^^^^^^^^\n  File \"E:\\winning\\code\\vue3\\openwork\\backend\\main.py\", line 149, in generate_spec_via_opencode\n    raise HTTPException(\nfastapi.exceptions.HTTPException: 503: OpenCode\u670d\u52a1\u9519\u8bef: \u751f\u6210\u89c4\u8303\u5931\u8d25: \u521b\u5efasession\u5931\u8d25\uff1aExpecting value: line 1 column 1 (char 0)"}
{"timestamp": "2026-02-04T07:52:41", "level": "INFO", "logger": "app.request", "message": "Request completed", "request_id": "615d97be-3df7-454f-aba7-ee1f2b58629b", "source": {"file": "E:\\winning\\code\\vue3\\openwork\\backend\\app\\logger.py", "line": 60, "function": "dispatch"}, "path": "http://127.0.0.1:8000/spec/generate-via-opencode", "method": "POST", "status_code": 503, "duration_ms": 2025}
{"timestamp": "2026-02-04T09:00:55", "level": "INFO", "logger": "app.request", "message": "Request completed", "request_id": "a20f366e-d7f5-4294-9d71-8420a74ebc40", "source": {"file": "E:\\winning\\code\\vue3\\openwork\\backend\\app\\logger.py", "line": 60, "function": "dispatch"}, "path": "http://127.0.0.1:8000/health", "method": "GET", "status_code": 200, "duration_ms": 15}
{"timestamp": "2026-02-04T09:01:03", "level": "INFO", "logger": "__main__", "message": "Starting OpenCode spec generation for: \u65b0\u5efa\u4e00\u4e2a\u6a21\u5757\uff0c\u5b9e\u73b0web\u7684\u8ba1\u7b97\u5668", "request_id": "ef14a9c0-0288-41c6-a9c4-cd15806c0468", "source": {"file": "E:\\winning\\code\\vue3\\openwork\\backend\\main.py", "line": 114, "function": "generate_spec_via_opencode"}}
{"timestamp": "2026-02-04T09:01:03", "level": "INFO", "logger": "app.opencode_integration", "message": "\u5f00\u59cb\u4f7f\u7528OpenCode\u751f\u6210\u89c4\u8303: \u65b0\u5efa\u4e00\u4e2a\u6a21\u5757\uff0c\u5b9e\u73b0web\u7684\u8ba1\u7b97\u5668", "request_id": "ef14a9c0-0288-41c6-a9c4-cd15806c0468", "source": {"file": "E:\\winning\\code\\vue3\\openwork\\backend\\app\\opencode_integration.py", "line": 74, "function": "generate_spec"}}
{"timestamp": "2026-02-04T09:01:05", "level": "INFO", "logger": "httpx", "message": "HTTP Request: POST http://127.0.0.1:64835/api/session/create \"HTTP/1.1 200 OK\"", "request_id": "ef14a9c0-0288-41c6-a9c4-cd15806c0468", "source": {"file": "E:\\winning\\code\\vue3\\openwork\\backend\\.venv\\Lib\\site-packages\\httpx\\_client.py", "line": 1740, "function": "_send_single_request"}}
{"timestamp": "2026-02-04T09:01:05", "level": "ERROR", "logger": "app.opencode_integration", "message": "OpenCode\u751f\u6210\u89c4\u8303\u5931\u8d25: \u521b\u5efasession\u5931\u8d25\uff1aExpecting value: line 1 column 1 (char 0)", "request_id": "ef14a9c0-0288-41c6-a9c4-cd15806c0468", "source": {"file": "E:\\winning\\code\\vue3\\openwork\\backend\\app\\opencode_integration.py", "line": 96, "function": "generate_spec"}}
{"timestamp": "2026-02-04T09:01:05", "level": "ERROR", "logger": "__main__", "message": "OpenCode generation failed: \u751f\u6210\u89c4\u8303\u5931\u8d25: \u521b\u5efasession\u5931\u8d25\uff1aExpecting value: line 1 column 1 (char 0)", "request_id": "ef14a9c0-0288-41c6-a9c4-cd15806c0468", "source": {"file": "E:\\winning\\code\\vue3\\openwork\\backend\\main.py", "line": 148, "function": "generate_spec_via_opencode"}}
{"timestamp": "2026-02-04T09:01:05", "level": "ERROR", "logger": "app.exceptions", "message": "HTTP error: 503: OpenCode\u670d\u52a1\u9519\u8bef: \u751f\u6210\u89c4\u8303\u5931\u8d25: \u521b\u5efasession\u5931\u8d25\uff1aExpecting value: line 1 column 1 (char 0)", "request_id": "ef14a9c0-0288-41c6-a9c4-cd15806c0468", "source": {"file": "E:\\winning\\code\\vue3\\openwork\\backend\\app\\exceptions.py", "line": 52, "function": "handle_http_exception"}, "path": "http://127.0.0.1:8000/spec/generate-via-opencode", "status_code": 503, "code": "http_error", "exception": "Traceback (most recent call last):\n  File \"E:\\winning\\code\\vue3\\openwork\\backend\\app\\opencode_integration.py\", line 124, in _create_temporary_session\n    # \u68c0\u67e5\u54cd\u5e94\u5185\u5bb9\n            ^^^^^^^\n  File \"E:\\winning\\code\\vue3\\openwork\\backend\\.venv\\Lib\\site-packages\\httpx\\_models.py\", line 832, in json\n    return jsonlib.loads(self.content, **kwargs)\n           ^^^^^^^^^^^^^^^^^^^^^^^^^^^^^^^^^^^^^\n  File \"C:\\Users\\Lenovo\\.pyenv\\pyenv-win\\versions\\3.12.9\\Lib\\json\\__init__.py\", line 346, in loads\n    return _default_decoder.decode(s)\n           ^^^^^^^^^^^^^^^^^^^^^^^^^^\n  File \"C:\\Users\\Lenovo\\.pyenv\\pyenv-win\\versions\\3.12.9\\Lib\\json\\decoder.py\", line 338, in decode\n    obj, end = self.raw_decode(s, idx=_w(s, 0).end())\n               ^^^^^^^^^^^^^^^^^^^^^^^^^^^^^^^^^^^^^^\n  File \"C:\\Users\\Lenovo\\.pyenv\\pyenv-win\\versions\\3.12.9\\Lib\\json\\decoder.py\", line 356, in raw_decode\n    raise JSONDecodeError(\"Expecting value\", s, err.value) from None\njson.decoder.JSONDecodeError: Expecting value: line 1 column 1 (char 0)\n\nDuring handling of the above exception, another exception occurred:\n\nTraceback (most recent call last):\n  File \"E:\\winning\\code\\vue3\\openwork\\backend\\app\\opencode_integration.py\", line 77, in generate_spec\n    session_id = await self._create_temporary_session(workspace_path)\n                 ^^^^^^^^^^^^^^^^^^^^^^^^^^^^^^^^^^^^^^^^^^^^^^^^^^^^\n  File \"E:\\winning\\code\\vue3\\openwork\\backend\\app\\opencode_integration.py\", line 135, in _create_temporary_session\n    raise OpenCodeError(f\"\u521b\u5efasession\u5931\u8d25\uff1a\u65e0\u6cd5\u89e3\u6790\u54cd\u5e94 - {response_text[:100]}\")\n    ^^^^^^^^^^^^^^^^^^^^^^^^^^^^^^^^^^^^^^^^^^^^^^^^^\napp.opencode_integration.OpenCodeError: \u521b\u5efasession\u5931\u8d25\uff1aExpecting value: line 1 column 1 (char 0)\n\nThe above exception was the direct cause of the following exception:\n\nTraceback (most recent call last):\n  File \"E:\\winning\\code\\vue3\\openwork\\backend\\main.py\", line 137, in generate_spec_via_opencode\n    spec = await generator.generate_spec(\n           ^^^^^^^^^^^^^^^^^^^^^^^^^^^^^^\n  File \"E:\\winning\\code\\vue3\\openwork\\backend\\app\\opencode_integration.py\", line 97, in generate_spec\n    raise OpenCodeError(f\"\u751f\u6210\u89c4\u8303\u5931\u8d25: {str(e)}\") from e\napp.opencode_integration.OpenCodeError: \u751f\u6210\u89c4\u8303\u5931\u8d25: \u521b\u5efasession\u5931\u8d25\uff1aExpecting value: line 1 column 1 (char 0)\n\nDuring handling of the above exception, another exception occurred:\n\nTraceback (most recent call last):\n  File \"E:\\winning\\code\\vue3\\openwork\\backend\\.venv\\Lib\\site-packages\\starlette\\_exception_handler.py\", line 42, in wrapped_app\n    await app(scope, receive, sender)\n  File \"E:\\winning\\code\\vue3\\openwork\\backend\\.venv\\Lib\\site-packages\\fastapi\\routing.py\", line 101, in app\n    response = await f(request)\n               ^^^^^^^^^^^^^^^^\n  File \"E:\\winning\\code\\vue3\\openwork\\backend\\.venv\\Lib\\site-packages\\fastapi\\routing.py\", line 355, in app\n    raw_response = await run_endpoint_function(\n                   ^^^^^^^^^^^^^^^^^^^^^^^^^^^^\n  File \"E:\\winning\\code\\vue3\\openwork\\backend\\.venv\\Lib\\site-packages\\fastapi\\routing.py\", line 243, in run_endpoint_function\n    return await dependant.call(**values)\n           ^^^^^^^^^^^^^^^^^^^^^^^^^^^^^^\n  File \"E:\\winning\\code\\vue3\\openwork\\backend\\main.py\", line 149, in generate_spec_via_opencode\n    raise HTTPException(\nfastapi.exceptions.HTTPException: 503: OpenCode\u670d\u52a1\u9519\u8bef: \u751f\u6210\u89c4\u8303\u5931\u8d25: \u521b\u5efasession\u5931\u8d25\uff1aExpecting value: line 1 column 1 (char 0)"}
{"timestamp": "2026-02-04T09:01:05", "level": "INFO", "logger": "app.request", "message": "Request completed", "request_id": "ef14a9c0-0288-41c6-a9c4-cd15806c0468", "source": {"file": "E:\\winning\\code\\vue3\\openwork\\backend\\app\\logger.py", "line": 60, "function": "dispatch"}, "path": "http://127.0.0.1:8000/spec/generate-via-opencode", "method": "POST", "status_code": 503, "duration_ms": 2192}
{"timestamp": "2026-02-04T09:01:22", "level": "INFO", "logger": "__main__", "message": "Starting OpenCode spec generation for: \u65b0\u5efa\u4e00\u4e2a\u6a21\u5757\uff0c\u5b9e\u73b0web\u7684\u8ba1\u7b97\u5668", "request_id": "7fce95cf-23f1-4171-a2c0-7fd8b6fd81a3", "source": {"file": "E:\\winning\\code\\vue3\\openwork\\backend\\main.py", "line": 114, "function": "generate_spec_via_opencode"}}
{"timestamp": "2026-02-04T09:01:22", "level": "INFO", "logger": "app.opencode_integration", "message": "\u5f00\u59cb\u4f7f\u7528OpenCode\u751f\u6210\u89c4\u8303: \u65b0\u5efa\u4e00\u4e2a\u6a21\u5757\uff0c\u5b9e\u73b0web\u7684\u8ba1\u7b97\u5668", "request_id": "7fce95cf-23f1-4171-a2c0-7fd8b6fd81a3", "source": {"file": "E:\\winning\\code\\vue3\\openwork\\backend\\app\\opencode_integration.py", "line": 74, "function": "generate_spec"}}
{"timestamp": "2026-02-04T09:01:24", "level": "INFO", "logger": "httpx", "message": "HTTP Request: POST http://127.0.0.1:64835/api/session/create \"HTTP/1.1 200 OK\"", "request_id": "7fce95cf-23f1-4171-a2c0-7fd8b6fd81a3", "source": {"file": "E:\\winning\\code\\vue3\\openwork\\backend\\.venv\\Lib\\site-packages\\httpx\\_client.py", "line": 1740, "function": "_send_single_request"}}
{"timestamp": "2026-02-04T09:01:24", "level": "ERROR", "logger": "app.opencode_integration", "message": "OpenCode\u751f\u6210\u89c4\u8303\u5931\u8d25: \u521b\u5efasession\u5931\u8d25\uff1aExpecting value: line 1 column 1 (char 0)", "request_id": "7fce95cf-23f1-4171-a2c0-7fd8b6fd81a3", "source": {"file": "E:\\winning\\code\\vue3\\openwork\\backend\\app\\opencode_integration.py", "line": 96, "function": "generate_spec"}}
{"timestamp": "2026-02-04T09:01:24", "level": "ERROR", "logger": "__main__", "message": "OpenCode generation failed: \u751f\u6210\u89c4\u8303\u5931\u8d25: \u521b\u5efasession\u5931\u8d25\uff1aExpecting value: line 1 column 1 (char 0)", "request_id": "7fce95cf-23f1-4171-a2c0-7fd8b6fd81a3", "source": {"file": "E:\\winning\\code\\vue3\\openwork\\backend\\main.py", "line": 148, "function": "generate_spec_via_opencode"}}
{"timestamp": "2026-02-04T09:01:24", "level": "ERROR", "logger": "app.exceptions", "message": "HTTP error: 503: OpenCode\u670d\u52a1\u9519\u8bef: \u751f\u6210\u89c4\u8303\u5931\u8d25: \u521b\u5efasession\u5931\u8d25\uff1aExpecting value: line 1 column 1 (char 0)", "request_id": "7fce95cf-23f1-4171-a2c0-7fd8b6fd81a3", "source": {"file": "E:\\winning\\code\\vue3\\openwork\\backend\\app\\exceptions.py", "line": 52, "function": "handle_http_exception"}, "path": "http://127.0.0.1:8000/spec/generate-via-opencode", "status_code": 503, "code": "http_error", "exception": "Traceback (most recent call last):\n  File \"E:\\winning\\code\\vue3\\openwork\\backend\\app\\opencode_integration.py\", line 124, in _create_temporary_session\n    # \u68c0\u67e5\u54cd\u5e94\u5185\u5bb9\n            ^^^^^^^\n  File \"E:\\winning\\code\\vue3\\openwork\\backend\\.venv\\Lib\\site-packages\\httpx\\_models.py\", line 832, in json\n    return jsonlib.loads(self.content, **kwargs)\n           ^^^^^^^^^^^^^^^^^^^^^^^^^^^^^^^^^^^^^\n  File \"C:\\Users\\Lenovo\\.pyenv\\pyenv-win\\versions\\3.12.9\\Lib\\json\\__init__.py\", line 346, in loads\n    return _default_decoder.decode(s)\n           ^^^^^^^^^^^^^^^^^^^^^^^^^^\n  File \"C:\\Users\\Lenovo\\.pyenv\\pyenv-win\\versions\\3.12.9\\Lib\\json\\decoder.py\", line 338, in decode\n    obj, end = self.raw_decode(s, idx=_w(s, 0).end())\n               ^^^^^^^^^^^^^^^^^^^^^^^^^^^^^^^^^^^^^^\n  File \"C:\\Users\\Lenovo\\.pyenv\\pyenv-win\\versions\\3.12.9\\Lib\\json\\decoder.py\", line 356, in raw_decode\n    raise JSONDecodeError(\"Expecting value\", s, err.value) from None\njson.decoder.JSONDecodeError: Expecting value: line 1 column 1 (char 0)\n\nDuring handling of the above exception, another exception occurred:\n\nTraceback (most recent call last):\n  File \"E:\\winning\\code\\vue3\\openwork\\backend\\app\\opencode_integration.py\", line 77, in generate_spec\n    session_id = await self._create_temporary_session(workspace_path)\n                 ^^^^^^^^^^^^^^^^^^^^^^^^^^^^^^^^^^^^^^^^^^^^^^^^^^^^\n  File \"E:\\winning\\code\\vue3\\openwork\\backend\\app\\opencode_integration.py\", line 135, in _create_temporary_session\n    raise OpenCodeError(f\"\u521b\u5efasession\u5931\u8d25\uff1a\u65e0\u6cd5\u89e3\u6790\u54cd\u5e94 - {response_text[:100]}\")\n    ^^^^^^^^^^^^^^^^^^^^^^^^^^^^^^^^^^^^^^^^^^^^^^^^^\napp.opencode_integration.OpenCodeError: \u521b\u5efasession\u5931\u8d25\uff1aExpecting value: line 1 column 1 (char 0)\n\nThe above exception was the direct cause of the following exception:\n\nTraceback (most recent call last):\n  File \"E:\\winning\\code\\vue3\\openwork\\backend\\main.py\", line 137, in generate_spec_via_opencode\n    spec = await generator.generate_spec(\n           ^^^^^^^^^^^^^^^^^^^^^^^^^^^^^^\n  File \"E:\\winning\\code\\vue3\\openwork\\backend\\app\\opencode_integration.py\", line 97, in generate_spec\n    raise OpenCodeError(f\"\u751f\u6210\u89c4\u8303\u5931\u8d25: {str(e)}\") from e\napp.opencode_integration.OpenCodeError: \u751f\u6210\u89c4\u8303\u5931\u8d25: \u521b\u5efasession\u5931\u8d25\uff1aExpecting value: line 1 column 1 (char 0)\n\nDuring handling of the above exception, another exception occurred:\n\nTraceback (most recent call last):\n  File \"E:\\winning\\code\\vue3\\openwork\\backend\\.venv\\Lib\\site-packages\\starlette\\_exception_handler.py\", line 42, in wrapped_app\n    await app(scope, receive, sender)\n  File \"E:\\winning\\code\\vue3\\openwork\\backend\\.venv\\Lib\\site-packages\\fastapi\\routing.py\", line 101, in app\n    response = await f(request)\n               ^^^^^^^^^^^^^^^^\n  File \"E:\\winning\\code\\vue3\\openwork\\backend\\.venv\\Lib\\site-packages\\fastapi\\routing.py\", line 355, in app\n    raw_response = await run_endpoint_function(\n                   ^^^^^^^^^^^^^^^^^^^^^^^^^^^^\n  File \"E:\\winning\\code\\vue3\\openwork\\backend\\.venv\\Lib\\site-packages\\fastapi\\routing.py\", line 243, in run_endpoint_function\n    return await dependant.call(**values)\n           ^^^^^^^^^^^^^^^^^^^^^^^^^^^^^^\n  File \"E:\\winning\\code\\vue3\\openwork\\backend\\main.py\", line 149, in generate_spec_via_opencode\n    raise HTTPException(\nfastapi.exceptions.HTTPException: 503: OpenCode\u670d\u52a1\u9519\u8bef: \u751f\u6210\u89c4\u8303\u5931\u8d25: \u521b\u5efasession\u5931\u8d25\uff1aExpecting value: line 1 column 1 (char 0)"}
{"timestamp": "2026-02-04T09:01:24", "level": "INFO", "logger": "app.request", "message": "Request completed", "request_id": "7fce95cf-23f1-4171-a2c0-7fd8b6fd81a3", "source": {"file": "E:\\winning\\code\\vue3\\openwork\\backend\\app\\logger.py", "line": 60, "function": "dispatch"}, "path": "http://127.0.0.1:8000/spec/generate-via-opencode", "method": "POST", "status_code": 503, "duration_ms": 1540}
{"timestamp": "2026-02-04T09:02:24", "level": "INFO", "logger": "__main__", "message": "Starting OpenCode spec generation for: \u65b0\u5efa\u4e00\u4e2a\u6a21\u5757\uff0c\u5b9e\u73b0web\u7684\u8ba1\u7b97\u5668", "request_id": "ea0f20d7-c0c6-4f40-887c-0dece668342c", "source": {"file": "E:\\winning\\code\\vue3\\openwork\\backend\\main.py", "line": 114, "function": "generate_spec_via_opencode"}}
{"timestamp": "2026-02-04T09:02:24", "level": "INFO", "logger": "app.opencode_integration", "message": "\u5f00\u59cb\u4f7f\u7528OpenCode\u751f\u6210\u89c4\u8303: \u65b0\u5efa\u4e00\u4e2a\u6a21\u5757\uff0c\u5b9e\u73b0web\u7684\u8ba1\u7b97\u5668", "request_id": "ea0f20d7-c0c6-4f40-887c-0dece668342c", "source": {"file": "E:\\winning\\code\\vue3\\openwork\\backend\\app\\opencode_integration.py", "line": 74, "function": "generate_spec"}}
{"timestamp": "2026-02-04T09:02:25", "level": "INFO", "logger": "httpx", "message": "HTTP Request: POST http://127.0.0.1:64835/api/session/create \"HTTP/1.1 200 OK\"", "request_id": "ea0f20d7-c0c6-4f40-887c-0dece668342c", "source": {"file": "E:\\winning\\code\\vue3\\openwork\\backend\\.venv\\Lib\\site-packages\\httpx\\_client.py", "line": 1740, "function": "_send_single_request"}}
{"timestamp": "2026-02-04T09:02:25", "level": "ERROR", "logger": "app.opencode_integration", "message": "OpenCode\u751f\u6210\u89c4\u8303\u5931\u8d25: \u521b\u5efasession\u5931\u8d25\uff1aExpecting value: line 1 column 1 (char 0)", "request_id": "ea0f20d7-c0c6-4f40-887c-0dece668342c", "source": {"file": "E:\\winning\\code\\vue3\\openwork\\backend\\app\\opencode_integration.py", "line": 96, "function": "generate_spec"}}
{"timestamp": "2026-02-04T09:02:25", "level": "ERROR", "logger": "__main__", "message": "OpenCode generation failed: \u751f\u6210\u89c4\u8303\u5931\u8d25: \u521b\u5efasession\u5931\u8d25\uff1aExpecting value: line 1 column 1 (char 0)", "request_id": "ea0f20d7-c0c6-4f40-887c-0dece668342c", "source": {"file": "E:\\winning\\code\\vue3\\openwork\\backend\\main.py", "line": 148, "function": "generate_spec_via_opencode"}}
{"timestamp": "2026-02-04T09:02:25", "level": "ERROR", "logger": "app.exceptions", "message": "HTTP error: 503: OpenCode\u670d\u52a1\u9519\u8bef: \u751f\u6210\u89c4\u8303\u5931\u8d25: \u521b\u5efasession\u5931\u8d25\uff1aExpecting value: line 1 column 1 (char 0)", "request_id": "ea0f20d7-c0c6-4f40-887c-0dece668342c", "source": {"file": "E:\\winning\\code\\vue3\\openwork\\backend\\app\\exceptions.py", "line": 52, "function": "handle_http_exception"}, "path": "http://127.0.0.1:8000/spec/generate-via-opencode", "status_code": 503, "code": "http_error", "exception": "Traceback (most recent call last):\n  File \"E:\\winning\\code\\vue3\\openwork\\backend\\app\\opencode_integration.py\", line 124, in _create_temporary_session\n    # \u68c0\u67e5\u54cd\u5e94\u5185\u5bb9\n            ^^^^^^^\n  File \"E:\\winning\\code\\vue3\\openwork\\backend\\.venv\\Lib\\site-packages\\httpx\\_models.py\", line 832, in json\n    return jsonlib.loads(self.content, **kwargs)\n           ^^^^^^^^^^^^^^^^^^^^^^^^^^^^^^^^^^^^^\n  File \"C:\\Users\\Lenovo\\.pyenv\\pyenv-win\\versions\\3.12.9\\Lib\\json\\__init__.py\", line 346, in loads\n    return _default_decoder.decode(s)\n           ^^^^^^^^^^^^^^^^^^^^^^^^^^\n  File \"C:\\Users\\Lenovo\\.pyenv\\pyenv-win\\versions\\3.12.9\\Lib\\json\\decoder.py\", line 338, in decode\n    obj, end = self.raw_decode(s, idx=_w(s, 0).end())\n               ^^^^^^^^^^^^^^^^^^^^^^^^^^^^^^^^^^^^^^\n  File \"C:\\Users\\Lenovo\\.pyenv\\pyenv-win\\versions\\3.12.9\\Lib\\json\\decoder.py\", line 356, in raw_decode\n    raise JSONDecodeError(\"Expecting value\", s, err.value) from None\njson.decoder.JSONDecodeError: Expecting value: line 1 column 1 (char 0)\n\nDuring handling of the above exception, another exception occurred:\n\nTraceback (most recent call last):\n  File \"E:\\winning\\code\\vue3\\openwork\\backend\\app\\opencode_integration.py\", line 77, in generate_spec\n    session_id = await self._create_temporary_session(workspace_path)\n                 ^^^^^^^^^^^^^^^^^^^^^^^^^^^^^^^^^^^^^^^^^^^^^^^^^^^^\n  File \"E:\\winning\\code\\vue3\\openwork\\backend\\app\\opencode_integration.py\", line 135, in _create_temporary_session\n    raise OpenCodeError(f\"\u521b\u5efasession\u5931\u8d25\uff1a\u65e0\u6cd5\u89e3\u6790\u54cd\u5e94 - {response_text[:100]}\")\n    ^^^^^^^^^^^^^^^^^^^^^^^^^^^^^^^^^^^^^^^^^^^^^^^^^\napp.opencode_integration.OpenCodeError: \u521b\u5efasession\u5931\u8d25\uff1aExpecting value: line 1 column 1 (char 0)\n\nThe above exception was the direct cause of the following exception:\n\nTraceback (most recent call last):\n  File \"E:\\winning\\code\\vue3\\openwork\\backend\\main.py\", line 137, in generate_spec_via_opencode\n    spec = await generator.generate_spec(\n           ^^^^^^^^^^^^^^^^^^^^^^^^^^^^^^\n  File \"E:\\winning\\code\\vue3\\openwork\\backend\\app\\opencode_integration.py\", line 97, in generate_spec\n    raise OpenCodeError(f\"\u751f\u6210\u89c4\u8303\u5931\u8d25: {str(e)}\") from e\napp.opencode_integration.OpenCodeError: \u751f\u6210\u89c4\u8303\u5931\u8d25: \u521b\u5efasession\u5931\u8d25\uff1aExpecting value: line 1 column 1 (char 0)\n\nDuring handling of the above exception, another exception occurred:\n\nTraceback (most recent call last):\n  File \"E:\\winning\\code\\vue3\\openwork\\backend\\.venv\\Lib\\site-packages\\starlette\\_exception_handler.py\", line 42, in wrapped_app\n    await app(scope, receive, sender)\n  File \"E:\\winning\\code\\vue3\\openwork\\backend\\.venv\\Lib\\site-packages\\fastapi\\routing.py\", line 101, in app\n    response = await f(request)\n               ^^^^^^^^^^^^^^^^\n  File \"E:\\winning\\code\\vue3\\openwork\\backend\\.venv\\Lib\\site-packages\\fastapi\\routing.py\", line 355, in app\n    raw_response = await run_endpoint_function(\n                   ^^^^^^^^^^^^^^^^^^^^^^^^^^^^\n  File \"E:\\winning\\code\\vue3\\openwork\\backend\\.venv\\Lib\\site-packages\\fastapi\\routing.py\", line 243, in run_endpoint_function\n    return await dependant.call(**values)\n           ^^^^^^^^^^^^^^^^^^^^^^^^^^^^^^\n  File \"E:\\winning\\code\\vue3\\openwork\\backend\\main.py\", line 149, in generate_spec_via_opencode\n    raise HTTPException(\nfastapi.exceptions.HTTPException: 503: OpenCode\u670d\u52a1\u9519\u8bef: \u751f\u6210\u89c4\u8303\u5931\u8d25: \u521b\u5efasession\u5931\u8d25\uff1aExpecting value: line 1 column 1 (char 0)"}
{"timestamp": "2026-02-04T09:02:26", "level": "INFO", "logger": "app.request", "message": "Request completed", "request_id": "ea0f20d7-c0c6-4f40-887c-0dece668342c", "source": {"file": "E:\\winning\\code\\vue3\\openwork\\backend\\app\\logger.py", "line": 60, "function": "dispatch"}, "path": "http://127.0.0.1:8000/spec/generate-via-opencode", "method": "POST", "status_code": 503, "duration_ms": 1235}
{"timestamp": "2026-02-04T09:06:10", "level": "INFO", "logger": "app.request", "message": "Request completed", "request_id": "21611c76-9a6d-4560-b3dd-618c4c96dd06", "source": {"file": "E:\\winning\\code\\vue3\\openwork\\backend\\app\\logger.py", "line": 60, "function": "dispatch"}, "path": "http://127.0.0.1:8000/health", "method": "GET", "status_code": 200, "duration_ms": 0}
{"timestamp": "2026-02-04T09:25:12", "level": "INFO", "logger": "app.request", "message": "Request completed", "request_id": "44932223-1af0-4ce6-af41-6d01229371f0", "source": {"file": "E:\\winning\\code\\vue3\\openwork\\backend\\app\\logger.py", "line": 60, "function": "dispatch"}, "path": "http://127.0.0.1:8000/health", "method": "GET", "status_code": 200, "duration_ms": 1}
{"timestamp": "2026-02-04T09:31:30", "level": "INFO", "logger": "app.request", "message": "Request completed", "request_id": "5d339b00-37f6-4698-be99-386b1128deb0", "source": {"file": "E:\\winning\\code\\vue3\\openwork\\backend\\app\\logger.py", "line": 60, "function": "dispatch"}, "path": "http://127.0.0.1:8000/health", "method": "GET", "status_code": 200, "duration_ms": 1}
{"timestamp": "2026-02-04T09:31:30", "level": "INFO", "logger": "app.request", "message": "Request completed", "request_id": "1076b803-e162-47f0-8a0d-91df243d0d94", "source": {"file": "E:\\winning\\code\\vue3\\openwork\\backend\\app\\logger.py", "line": 60, "function": "dispatch"}, "path": "http://127.0.0.1:8000/health", "method": "GET", "status_code": 200, "duration_ms": 0}
{"timestamp": "2026-02-04T09:34:37", "level": "INFO", "logger": "app.request", "message": "Request completed", "request_id": "c8fe09e1-3d11-48c5-be67-9d87d7de5211", "source": {"file": "E:\\winning\\code\\vue3\\openwork\\backend\\app\\logger.py", "line": 60, "function": "dispatch"}, "path": "http://127.0.0.1:8000/health", "method": "GET", "status_code": 200, "duration_ms": 0}
{"timestamp": "2026-02-04T09:34:37", "level": "INFO", "logger": "app.request", "message": "Request completed", "request_id": "1ab330d4-5bcc-4c07-bd03-7909a19466f5", "source": {"file": "E:\\winning\\code\\vue3\\openwork\\backend\\app\\logger.py", "line": 60, "function": "dispatch"}, "path": "http://127.0.0.1:8000/health", "method": "GET", "status_code": 200, "duration_ms": 0}
{"timestamp": "2026-02-04T09:35:33", "level": "INFO", "logger": "app.request", "message": "Request completed", "request_id": "b8896843-ffda-42bf-a8f3-704275ccbdfd", "source": {"file": "E:\\winning\\code\\vue3\\openwork\\backend\\app\\logger.py", "line": 60, "function": "dispatch"}, "path": "http://127.0.0.1:8000/health", "method": "GET", "status_code": 200, "duration_ms": 0}
{"timestamp": "2026-02-04T09:38:09", "level": "INFO", "logger": "app.request", "message": "Request completed", "request_id": "469627b6-b8d8-46b3-aa2a-2f68362dd287", "source": {"file": "E:\\winning\\code\\vue3\\openwork\\backend\\app\\logger.py", "line": 60, "function": "dispatch"}, "path": "http://127.0.0.1:8000/health", "method": "GET", "status_code": 200, "duration_ms": 0}
{"timestamp": "2026-02-04T09:42:53", "level": "INFO", "logger": "app.request", "message": "Request completed", "request_id": "248ef02f-b255-4724-92c7-66374973fe6d", "source": {"file": "E:\\winning\\code\\vue3\\openwork\\backend\\app\\logger.py", "line": 60, "function": "dispatch"}, "path": "http://127.0.0.1:8000/health", "method": "GET", "status_code": 200, "duration_ms": 1}
{"timestamp": "2026-02-04T09:43:54", "level": "INFO", "logger": "app.request", "message": "Request completed", "request_id": "ca2c0e0a-379d-424b-990b-1a95f9e27913", "source": {"file": "E:\\winning\\code\\vue3\\openwork\\backend\\app\\logger.py", "line": 60, "function": "dispatch"}, "path": "http://127.0.0.1:8000/health", "method": "GET", "status_code": 200, "duration_ms": 1}
{"timestamp": "2026-02-04T09:45:38", "level": "INFO", "logger": "app.request", "message": "Request completed", "request_id": "901eeadc-8b71-4102-ae6f-b0910205de20", "source": {"file": "E:\\winning\\code\\vue3\\openwork\\backend\\app\\logger.py", "line": 60, "function": "dispatch"}, "path": "http://127.0.0.1:8000/health", "method": "GET", "status_code": 200, "duration_ms": 0}
{"timestamp": "2026-02-04T09:48:38", "level": "INFO", "logger": "app.request", "message": "Request completed", "request_id": "f6defef7-fda3-4482-8d96-864cbcd5c76d", "source": {"file": "E:\\winning\\code\\vue3\\openwork\\backend\\app\\logger.py", "line": 60, "function": "dispatch"}, "path": "http://127.0.0.1:8000/health", "method": "GET", "status_code": 200, "duration_ms": 0}
{"timestamp": "2026-02-04T09:53:04", "level": "INFO", "logger": "app.request", "message": "Request completed", "request_id": "ccbb52b1-b275-4e07-a3f8-e989dda38a0a", "source": {"file": "E:\\winning\\code\\vue3\\openwork\\backend\\app\\logger.py", "line": 60, "function": "dispatch"}, "path": "http://127.0.0.1:8000/health", "method": "GET", "status_code": 200, "duration_ms": 0}
{"timestamp": "2026-02-04T09:56:31", "level": "INFO", "logger": "app.request", "message": "Request completed", "request_id": "f01080df-a129-4054-9913-6085cbd85b17", "source": {"file": "E:\\winning\\code\\vue3\\openwork\\backend\\app\\logger.py", "line": 60, "function": "dispatch"}, "path": "http://127.0.0.1:8000/health", "method": "GET", "status_code": 200, "duration_ms": 6}
{"timestamp": "2026-02-04T10:00:04", "level": "INFO", "logger": "app.request", "message": "Request completed", "request_id": "4063da37-286a-4a26-a48a-e93295ab9e1b", "source": {"file": "E:\\winning\\code\\vue3\\openwork\\backend\\app\\logger.py", "line": 60, "function": "dispatch"}, "path": "http://127.0.0.1:8000/health", "method": "GET", "status_code": 200, "duration_ms": 0}
{"timestamp": "2026-02-04T10:00:30", "level": "INFO", "logger": "app.request", "message": "Request completed", "request_id": "eb67be1d-0b98-45de-8fbc-af2689c22e98", "source": {"file": "E:\\winning\\code\\vue3\\openwork\\backend\\app\\logger.py", "line": 60, "function": "dispatch"}, "path": "http://127.0.0.1:8000/health", "method": "GET", "status_code": 200, "duration_ms": 12}
{"timestamp": "2026-02-04T10:00:58", "level": "INFO", "logger": "app.request", "message": "Request completed", "request_id": "49c69fbf-0ba0-40b2-8403-585a36fd884e", "source": {"file": "E:\\winning\\code\\vue3\\openwork\\backend\\app\\logger.py", "line": 60, "function": "dispatch"}, "path": "http://127.0.0.1:8000/health", "method": "GET", "status_code": 200, "duration_ms": 1}
{"timestamp": "2026-02-04T10:02:46", "level": "INFO", "logger": "app.request", "message": "Request completed", "request_id": "92606562-f519-4476-b5e6-f2ea61e02abe", "source": {"file": "E:\\winning\\code\\vue3\\openwork\\backend\\app\\logger.py", "line": 60, "function": "dispatch"}, "path": "http://127.0.0.1:8000/health", "method": "GET", "status_code": 200, "duration_ms": 0}
{"timestamp": "2026-02-04T10:03:40", "level": "INFO", "logger": "app.request", "message": "Request completed", "request_id": "4e6d44f6-6918-4343-8adb-dc1f9dc956bd", "source": {"file": "E:\\winning\\code\\vue3\\openwork\\backend\\app\\logger.py", "line": 60, "function": "dispatch"}, "path": "http://127.0.0.1:8000/health", "method": "GET", "status_code": 200, "duration_ms": 0}
{"timestamp": "2026-02-04T10:04:12", "level": "INFO", "logger": "app.request", "message": "Request completed", "request_id": "5445d9fc-91ca-4823-b767-36c25adf9eb9", "source": {"file": "E:\\winning\\code\\vue3\\openwork\\backend\\app\\logger.py", "line": 60, "function": "dispatch"}, "path": "http://127.0.0.1:8000/health", "method": "GET", "status_code": 200, "duration_ms": 0}
{"timestamp": "2026-02-04T10:04:20", "level": "INFO", "logger": "app.request", "message": "Request completed", "request_id": "043d1ebf-4a69-4d83-b7f1-5e4c92ebbdee", "source": {"file": "E:\\winning\\code\\vue3\\openwork\\backend\\app\\logger.py", "line": 60, "function": "dispatch"}, "path": "http://127.0.0.1:8000/health", "method": "GET", "status_code": 200, "duration_ms": 0}
{"timestamp": "2026-02-04T10:05:21", "level": "INFO", "logger": "app.request", "message": "Request completed", "request_id": "124cdc8e-a220-4629-9268-c4fda9d62b98", "source": {"file": "E:\\winning\\code\\vue3\\openwork\\backend\\app\\logger.py", "line": 60, "function": "dispatch"}, "path": "http://127.0.0.1:8000/health", "method": "GET", "status_code": 200, "duration_ms": 1}
{"timestamp": "2026-02-04T10:07:14", "level": "INFO", "logger": "app.request", "message": "Request completed", "request_id": "5d98fba1-f8e5-4ce4-8622-b907cb70ca87", "source": {"file": "E:\\winning\\code\\vue3\\openwork\\backend\\app\\logger.py", "line": 60, "function": "dispatch"}, "path": "http://127.0.0.1:8000/health", "method": "GET", "status_code": 200, "duration_ms": 1}
{"timestamp": "2026-02-04T10:09:24", "level": "INFO", "logger": "app.request", "message": "Request completed", "request_id": "48927e04-b36b-44a5-8b60-1da951263a03", "source": {"file": "E:\\winning\\code\\vue3\\openwork\\backend\\app\\logger.py", "line": 60, "function": "dispatch"}, "path": "http://127.0.0.1:8000/health", "method": "GET", "status_code": 200, "duration_ms": 0}
{"timestamp": "2026-02-04T10:11:45", "level": "INFO", "logger": "app.request", "message": "Request completed", "request_id": "75645ec2-35b1-4acb-b492-a3599c89f714", "source": {"file": "E:\\winning\\code\\vue3\\openwork\\backend\\app\\logger.py", "line": 60, "function": "dispatch"}, "path": "http://127.0.0.1:8000/health", "method": "GET", "status_code": 200, "duration_ms": 0}
{"timestamp": "2026-02-04T10:12:49", "level": "INFO", "logger": "app.request", "message": "Request completed", "request_id": "fa3d532a-9bd8-4d90-bd1e-686c241b475b", "source": {"file": "E:\\winning\\code\\vue3\\openwork\\backend\\app\\logger.py", "line": 60, "function": "dispatch"}, "path": "http://127.0.0.1:8000/health", "method": "GET", "status_code": 200, "duration_ms": 0}
{"timestamp": "2026-02-04T10:14:36", "level": "INFO", "logger": "app.request", "message": "Request completed", "request_id": "b42d7b2f-4eef-4b41-b2f9-69148988cc5a", "source": {"file": "E:\\winning\\code\\vue3\\openwork\\backend\\app\\logger.py", "line": 60, "function": "dispatch"}, "path": "http://127.0.0.1:8000/health", "method": "GET", "status_code": 200, "duration_ms": 0}
{"timestamp": "2026-02-04T10:16:10", "level": "INFO", "logger": "app.request", "message": "Request completed", "request_id": "6236439d-93bc-4e14-910f-2918b5e3c981", "source": {"file": "E:\\winning\\code\\vue3\\openwork\\backend\\app\\logger.py", "line": 60, "function": "dispatch"}, "path": "http://127.0.0.1:8000/spec/REQ-1770200165389/lifecycle", "method": "GET", "status_code": 200, "duration_ms": 298}
{"timestamp": "2026-02-04T10:17:41", "level": "INFO", "logger": "app.request", "message": "Request completed", "request_id": "35491138-bbf9-4ed0-bd5a-6fe0088c5740", "source": {"file": "E:\\winning\\code\\vue3\\openwork\\backend\\app\\logger.py", "line": 60, "function": "dispatch"}, "path": "http://127.0.0.1:8000/health", "method": "GET", "status_code": 200, "duration_ms": 0}
{"timestamp": "2026-02-04T10:17:53", "level": "INFO", "logger": "app.request", "message": "Request completed", "request_id": "34b0621b-1811-4b33-86fe-1c6a3e7aec16", "source": {"file": "E:\\winning\\code\\vue3\\openwork\\backend\\app\\logger.py", "line": 60, "function": "dispatch"}, "path": "http://127.0.0.1:8000/health", "method": "GET", "status_code": 200, "duration_ms": 0}
{"timestamp": "2026-02-04T10:18:28", "level": "INFO", "logger": "app.request", "message": "Request completed", "request_id": "012e14ae-1f78-47ba-b712-bde86d35f2db", "source": {"file": "E:\\winning\\code\\vue3\\openwork\\backend\\app\\logger.py", "line": 60, "function": "dispatch"}, "path": "http://127.0.0.1:8000/spec/REQ-1770200307998/lifecycle", "method": "GET", "status_code": 200, "duration_ms": 8}
{"timestamp": "2026-02-04T10:25:13", "level": "INFO", "logger": "app.request", "message": "Request completed", "request_id": "e15f9be3-e721-4b51-badd-a20d4a3c088d", "source": {"file": "E:\\winning\\code\\vue3\\openwork\\backend\\app\\logger.py", "line": 60, "function": "dispatch"}, "path": "http://127.0.0.1:8000/health", "method": "GET", "status_code": 200, "duration_ms": 0}
{"timestamp": "2026-02-04T10:25:48", "level": "INFO", "logger": "app.request", "message": "Request completed", "request_id": "eae90243-fe32-41c4-86c5-f986660787dc", "source": {"file": "E:\\winning\\code\\vue3\\openwork\\backend\\app\\logger.py", "line": 60, "function": "dispatch"}, "path": "http://127.0.0.1:8000/spec/REQ-1770200748575/lifecycle", "method": "GET", "status_code": 200, "duration_ms": 2}
